build/app/intermediates/manifest_merge_blame_file/release/manifest-merger-blame-release-report.txt
1<?xml version="1.0" encoding="utf-8"?>
2<manifest xmlns:android="http://schemas.android.com/apk/res/android"
3    package="com.sixamtech.sixcash_user"
4    android:versionCode="1"
5    android:versionName="1.0.0" >
6
7    <uses-sdk
8        android:minSdkVersion="21"
8-->src\main\AndroidManifest.xml
9        android:targetSdkVersion="31" />
9-->src\main\AndroidManifest.xml
10    <!--
11         io.flutter.app.FlutterApplication is an android.app.Application that
12         calls FlutterMain.startInitialization(this); in its onCreate method.
13         In most cases you can leave this as-is, but you if you want to provide
14         additional functionality it is fine to subclass or reimplement
15         FlutterApplication and put your custom class here.
16    -->
17
18    <uses-permission android:name="android.permission.INTERNET" />
18-->src\main\AndroidManifest.xml:10:5-66
18-->src\main\AndroidManifest.xml:10:22-64
19    <uses-permission android:name="android.permission.READ_CONTACTS" />
19-->src\main\AndroidManifest.xml:11:5-71
19-->src\main\AndroidManifest.xml:11:22-69
20    <uses-permission android:name="android.permission.WRITE_CONTACTS" />
20-->src\main\AndroidManifest.xml:12:5-72
20-->src\main\AndroidManifest.xml:12:22-70
21    <uses-permission android:name="android.permission.CAMERA" />
21-->src\main\AndroidManifest.xml:13:5-64
21-->src\main\AndroidManifest.xml:13:22-62
22    <uses-permission android:name="android.permission.RECORD_AUDIO" />
22-->src\main\AndroidManifest.xml:14:5-71
22-->src\main\AndroidManifest.xml:14:22-68
23    <uses-permission android:name="android.permission.WRITE_EXTERNAL_STORAGE" />
23-->src\main\AndroidManifest.xml:15:5-80
23-->src\main\AndroidManifest.xml:15:22-78
24    <uses-permission android:name="android.permission.USE_FINGERPRINT" />
24-->src\main\AndroidManifest.xml:16:5-73
24-->src\main\AndroidManifest.xml:16:22-71
25    <uses-permission android:name="android.permission.ACCESS_WIFI_STATE" />
25-->src\main\AndroidManifest.xml:17:5-75
25-->src\main\AndroidManifest.xml:17:22-73
26    <uses-permission android:name="android.permission.READ_PHONE_STATE" />
26-->src\main\AndroidManifest.xml:18:5-75
26-->src\main\AndroidManifest.xml:18:22-72
27    <uses-permission android:name="android.permission.READ_PRIVILEGED_PHONE_STATE" />
27-->src\main\AndroidManifest.xml:19:5-86
27-->src\main\AndroidManifest.xml:19:22-83
28
29    <queries>
29-->src\main\AndroidManifest.xml:21:5-41:15
30        <intent>
30-->src\main\AndroidManifest.xml:22:9-25:18
31            <action android:name="android.intent.action.VIEW" />
31-->src\main\AndroidManifest.xml:23:13-65
31-->src\main\AndroidManifest.xml:23:21-62
32
33            <data android:scheme="https" />
33-->src\main\AndroidManifest.xml:24:13-44
33-->src\main\AndroidManifest.xml:24:19-41
34        </intent>
35        <intent>
35-->src\main\AndroidManifest.xml:26:9-29:18
36            <action android:name="android.intent.action.DIAL" />
36-->src\main\AndroidManifest.xml:27:13-65
36-->src\main\AndroidManifest.xml:27:21-62
37
38            <data android:scheme="tel" />
38-->src\main\AndroidManifest.xml:24:13-44
38-->src\main\AndroidManifest.xml:24:19-41
39        </intent>
40        <intent>
40-->src\main\AndroidManifest.xml:30:9-33:18
41            <action android:name="android.intent.action.SENDTO" />
41-->src\main\AndroidManifest.xml:31:13-67
41-->src\main\AndroidManifest.xml:31:21-64
42
43            <data android:scheme="smsto" />
43-->src\main\AndroidManifest.xml:24:13-44
43-->src\main\AndroidManifest.xml:24:19-41
44        </intent>
45        <intent>
45-->src\main\AndroidManifest.xml:34:9-37:18
46            <action android:name="android.intent.action.SEND" />
46-->src\main\AndroidManifest.xml:35:13-65
46-->src\main\AndroidManifest.xml:35:21-62
47
48            <data android:mimeType="*/*" />
48-->src\main\AndroidManifest.xml:24:13-44
48-->src\main\AndroidManifest.xml:36:19-41
49        </intent>
50        <intent>
50-->src\main\AndroidManifest.xml:38:9-40:18
51            <action android:name="android.media.action.IMAGE_CAPTURE" />
51-->src\main\AndroidManifest.xml:39:13-73
51-->src\main\AndroidManifest.xml:39:21-70
52        </intent>
53        <intent>
53-->[com.github.droibit:customtabslauncher:1.6.0] AndroidManifest.xml:10:9-12:18
54            <action android:name="android.support.customtabs.action.CustomTabsService" />
54-->[com.github.droibit:customtabslauncher:1.6.0] AndroidManifest.xml:11:13-90
54-->[com.github.droibit:customtabslauncher:1.6.0] AndroidManifest.xml:11:21-87
55        </intent>
56    </queries>
57
58    <uses-permission android:name="android.permission.WAKE_LOCK" />
58-->[:firebase_messaging] AndroidManifest.xml:10:5-68
58-->[:firebase_messaging] AndroidManifest.xml:10:22-65
59    <uses-permission android:name="android.permission.ACCESS_NETWORK_STATE" /> <!-- Permissions options for the `notification` group -->
59-->[:firebase_messaging] AndroidManifest.xml:11:5-79
59-->[:firebase_messaging] AndroidManifest.xml:11:22-76
60    <uses-permission android:name="android.permission.POST_NOTIFICATIONS" />
60-->[:firebase_messaging] AndroidManifest.xml:13:5-77
60-->[:firebase_messaging] AndroidManifest.xml:13:22-74
61    <uses-permission android:name="android.permission.RECEIVE_BOOT_COMPLETED" />
61-->[:flutter_local_notifications] AndroidManifest.xml:9:5-81
61-->[:flutter_local_notifications] AndroidManifest.xml:9:22-78
62    <uses-permission android:name="android.permission.VIBRATE" />
62-->[:flutter_local_notifications] AndroidManifest.xml:10:5-66
62-->[:flutter_local_notifications] AndroidManifest.xml:10:22-63
63    <uses-permission android:name="android.permission.USE_FULL_SCREEN_INTENT" />
63-->[:flutter_local_notifications] AndroidManifest.xml:11:5-81
63-->[:flutter_local_notifications] AndroidManifest.xml:11:22-78
64    <uses-permission android:name="android.permission.SCHEDULE_EXACT_ALARM" />
64-->[:flutter_local_notifications] AndroidManifest.xml:12:5-79
64-->[:flutter_local_notifications] AndroidManifest.xml:12:22-76
65    <uses-permission android:name="android.permission.USE_BIOMETRIC" /> <!-- Required by older versions of Google Play services to create IID tokens -->
65-->[:local_auth_android] AndroidManifest.xml:9:5-72
65-->[:local_auth_android] AndroidManifest.xml:9:22-69
66    <uses-permission android:name="com.google.android.c2dm.permission.RECEIVE" />
66-->[com.google.firebase:firebase-messaging:23.1.0] AndroidManifest.xml:28:5-82
66-->[com.google.firebase:firebase-messaging:23.1.0] AndroidManifest.xml:28:22-79
67
68    <permission
68-->[androidx.core:core:1.9.0] AndroidManifest.xml:22:5-24:47
69        android:name="com.sixamtech.sixcash_user.DYNAMIC_RECEIVER_NOT_EXPORTED_PERMISSION"
69-->[androidx.core:core:1.9.0] AndroidManifest.xml:23:9-81
70        android:protectionLevel="signature" />
70-->[androidx.core:core:1.9.0] AndroidManifest.xml:24:9-44
71
72    <uses-permission android:name="com.sixamtech.sixcash_user.DYNAMIC_RECEIVER_NOT_EXPORTED_PERMISSION" />
72-->[androidx.core:core:1.9.0] AndroidManifest.xml:26:5-97
72-->[androidx.core:core:1.9.0] AndroidManifest.xml:26:22-94
73
74    <application
74-->src\main\AndroidManifest.xml:43:5-96:19
75        android:appComponentFactory="androidx.core.app.CoreComponentFactory"
75-->[androidx.core:core:1.9.0] AndroidManifest.xml:28:18-86
76        android:icon="@mipmap/launcher_icon"
76-->src\main\AndroidManifest.xml:47:9-45
77        android:label="Bank Jazeera"
77-->src\main\AndroidManifest.xml:44:9-37
78        android:requestLegacyExternalStorage="true"
78-->src\main\AndroidManifest.xml:45:9-52
79        android:usesCleartextTraffic="true" >
79-->src\main\AndroidManifest.xml:46:9-44
80        android:allowBackup="false"
81        android:fullBackupContent="false"
82        <activity
82-->src\main\AndroidManifest.xml:52:9-85:20
83            android:name="com.sixamtech.sixcash_user.MainActivity"
83-->src\main\AndroidManifest.xml:53:13-41
84            android:configChanges="orientation|keyboardHidden|keyboard|screenSize|smallestScreenSize|locale|layoutDirection|fontScale|screenLayout|density|uiMode"
84-->src\main\AndroidManifest.xml:57:13-163
85            android:exported="true"
85-->src\main\AndroidManifest.xml:54:13-36
86            android:hardwareAccelerated="true"
86-->src\main\AndroidManifest.xml:58:13-47
87            android:launchMode="singleTop"
87-->src\main\AndroidManifest.xml:55:13-43
88            android:theme="@style/LaunchTheme"
88-->src\main\AndroidManifest.xml:56:13-47
89            android:windowSoftInputMode="adjustResize" >
89-->src\main\AndroidManifest.xml:59:13-55
90
91            <!--
92                 Specifies an Android theme to apply to this Activity as soon as
93                 the Android process has started. This theme is visible to the user
94                 while the Flutter UI initializes. After that, this theme continues
95                 to determine the Window background behind the Flutter UI.
96            -->
97            <meta-data
97-->src\main\AndroidManifest.xml:64:13-67:17
98                android:name="io.flutter.embedding.android.NormalTheme"
98-->src\main\AndroidManifest.xml:65:15-70
99                android:resource="@style/NormalTheme" />
99-->src\main\AndroidManifest.xml:66:15-52
100            <!--
101                 Displays an Android View that continues showing the launch screen
102                 Drawable until Flutter paints its first frame, then this splash
103                 screen fades out. A splash screen is useful to avoid any visual
104                 gap between the end of Android's launch screen and the painting of
105                 Flutter's first frame.
106            -->
107            <meta-data
107-->src\main\AndroidManifest.xml:73:13-76:17
108                android:name="io.flutter.embedding.android.SplashScreenDrawable"
108-->src\main\AndroidManifest.xml:74:15-79
109                android:resource="@drawable/launch_background" />
109-->src\main\AndroidManifest.xml:75:15-61
110
111            <intent-filter>
111-->src\main\AndroidManifest.xml:77:13-80:29
112                <action android:name="android.intent.action.MAIN" />
112-->src\main\AndroidManifest.xml:78:17-68
112-->src\main\AndroidManifest.xml:78:25-66
113
114                <category android:name="android.intent.category.LAUNCHER" />
114-->src\main\AndroidManifest.xml:79:17-76
114-->src\main\AndroidManifest.xml:79:27-74
115            </intent-filter>
116            <intent-filter>
116-->src\main\AndroidManifest.xml:81:13-84:29
117                <action android:name="FLUTTER_NOTIFICATION_CLICK" />
117-->src\main\AndroidManifest.xml:82:17-69
117-->src\main\AndroidManifest.xml:82:25-66
118
119                <category android:name="android.intent.category.DEFAULT" />
119-->src\main\AndroidManifest.xml:83:17-76
119-->src\main\AndroidManifest.xml:83:27-73
120            </intent-filter>
121        </activity>
122        <!--
123             Don't delete the meta-data below.
124             This is used by the Flutter tool to generate GeneratedPluginRegistrant.java
125        -->
126        <meta-data
126-->src\main\AndroidManifest.xml:88:9-90:53
127            android:name="com.google.mlkit.vision.DEPENDENCIES"
127-->src\main\AndroidManifest.xml:89:13-64
128            android:value="ica,ocr,face, barcode" />
128-->src\main\AndroidManifest.xml:90:13-50
129        <meta-data
129-->src\main\AndroidManifest.xml:91:9-93:33
130            android:name="flutterEmbedding"
130-->src\main\AndroidManifest.xml:92:13-44
131            android:value="2" />
131-->src\main\AndroidManifest.xml:93:13-30
132
133        <service
133-->[:firebase_messaging] AndroidManifest.xml:16:9-19:72
134            android:name="io.flutter.plugins.firebase.messaging.FlutterFirebaseMessagingBackgroundService"
134-->[:firebase_messaging] AndroidManifest.xml:17:13-107
135            android:exported="false"
135-->[:firebase_messaging] AndroidManifest.xml:18:13-37
136            android:permission="android.permission.BIND_JOB_SERVICE" />
136-->[:firebase_messaging] AndroidManifest.xml:19:13-69
137        <service
137-->[:firebase_messaging] AndroidManifest.xml:20:9-26:19
138            android:name="io.flutter.plugins.firebase.messaging.FlutterFirebaseMessagingService"
138-->[:firebase_messaging] AndroidManifest.xml:21:13-97
139            android:exported="false" >
139-->[:firebase_messaging] AndroidManifest.xml:22:13-37
140            <intent-filter>
140-->[:firebase_messaging] AndroidManifest.xml:23:13-25:29
141                <action android:name="com.google.firebase.MESSAGING_EVENT" />
141-->[:firebase_messaging] AndroidManifest.xml:24:17-78
141-->[:firebase_messaging] AndroidManifest.xml:24:25-75
142            </intent-filter>
143        </service>
144
145        <receiver
145-->[:firebase_messaging] AndroidManifest.xml:28:9-35:20
146            android:name="io.flutter.plugins.firebase.messaging.FlutterFirebaseMessagingReceiver"
146-->[:firebase_messaging] AndroidManifest.xml:29:13-98
147            android:exported="true"
147-->[:firebase_messaging] AndroidManifest.xml:30:13-36
148            android:permission="com.google.android.c2dm.permission.SEND" >
148-->[:firebase_messaging] AndroidManifest.xml:31:13-73
149            <intent-filter>
149-->[:firebase_messaging] AndroidManifest.xml:32:13-34:29
150                <action android:name="com.google.android.c2dm.intent.RECEIVE" />
150-->[:firebase_messaging] AndroidManifest.xml:33:17-81
150-->[:firebase_messaging] AndroidManifest.xml:33:25-78
151            </intent-filter>
152        </receiver>
153
154        <service
154-->[:firebase_messaging] AndroidManifest.xml:37:9-41:19
155            android:name="com.google.firebase.components.ComponentDiscoveryService"
155-->[:firebase_messaging] AndroidManifest.xml:37:18-89
156            android:directBootAware="true"
156-->[com.google.firebase:firebase-common:20.2.0] AndroidManifest.xml:34:13-43
157            android:exported="false" >
157-->[com.google.firebase:firebase-messaging:23.1.0] AndroidManifest.xml:54:13-37
158            <meta-data
158-->[:firebase_messaging] AndroidManifest.xml:38:13-40:85
159                android:name="com.google.firebase.components:io.flutter.plugins.firebase.messaging.FlutterFirebaseAppRegistrar"
159-->[:firebase_messaging] AndroidManifest.xml:39:17-128
160                android:value="com.google.firebase.components.ComponentRegistrar" />
160-->[:firebase_messaging] AndroidManifest.xml:40:17-82
161            <meta-data
161-->[:firebase_core] AndroidManifest.xml:11:13-13:85
162                android:name="com.google.firebase.components:io.flutter.plugins.firebase.core.FlutterFirebaseCoreRegistrar"
162-->[:firebase_core] AndroidManifest.xml:12:17-124
163                android:value="com.google.firebase.components.ComponentRegistrar" />
163-->[:firebase_core] AndroidManifest.xml:13:17-82
164            <meta-data
164-->[com.google.firebase:firebase-messaging:23.1.0] AndroidManifest.xml:55:13-57:85
165                android:name="com.google.firebase.components:com.google.firebase.messaging.FirebaseMessagingRegistrar"
165-->[com.google.firebase:firebase-messaging:23.1.0] AndroidManifest.xml:56:17-119
166                android:value="com.google.firebase.components.ComponentRegistrar" />
166-->[com.google.firebase:firebase-messaging:23.1.0] AndroidManifest.xml:57:17-82
167            <meta-data
167-->[com.google.firebase:firebase-iid:21.1.0] AndroidManifest.xml:32:13-34:85
168                android:name="com.google.firebase.components:com.google.firebase.iid.Registrar"
168-->[com.google.firebase:firebase-iid:21.1.0] AndroidManifest.xml:33:17-96
169                android:value="com.google.firebase.components.ComponentRegistrar" />
169-->[com.google.firebase:firebase-iid:21.1.0] AndroidManifest.xml:34:17-82
170            <meta-data
170-->[com.google.firebase:firebase-installations:17.1.0] AndroidManifest.xml:17:13-19:85
171                android:name="com.google.firebase.components:com.google.firebase.installations.FirebaseInstallationsRegistrar"
171-->[com.google.firebase:firebase-installations:17.1.0] AndroidManifest.xml:18:17-127
172                android:value="com.google.firebase.components.ComponentRegistrar" />
172-->[com.google.firebase:firebase-installations:17.1.0] AndroidManifest.xml:19:17-82
173            <meta-data
173-->[com.google.firebase:firebase-datatransport:18.1.7] AndroidManifest.xml:27:13-29:85
174                android:name="com.google.firebase.components:com.google.firebase.datatransport.TransportRegistrar"
174-->[com.google.firebase:firebase-datatransport:18.1.7] AndroidManifest.xml:28:17-115
175                android:value="com.google.firebase.components.ComponentRegistrar" />
175-->[com.google.firebase:firebase-datatransport:18.1.7] AndroidManifest.xml:29:17-82
176        </service>
177
178        <provider
178-->[:firebase_messaging] AndroidManifest.xml:43:9-47:38
179            android:name="io.flutter.plugins.firebase.messaging.FlutterFirebaseMessagingInitProvider"
179-->[:firebase_messaging] AndroidManifest.xml:44:13-102
180            android:authorities="com.sixamtech.sixcash_user.flutterfirebasemessaginginitprovider"
180-->[:firebase_messaging] AndroidManifest.xml:45:13-88
181            android:exported="false"
181-->[:firebase_messaging] AndroidManifest.xml:46:13-37
182            android:initOrder="99" />
182-->[:firebase_messaging] AndroidManifest.xml:47:13-35
183
184        <receiver
184-->[:flutter_local_notifications] AndroidManifest.xml:16:9-18:40
185            android:name="com.dexterous.flutterlocalnotifications.ActionBroadcastReceiver"
185-->[:flutter_local_notifications] AndroidManifest.xml:17:13-91
186            android:exported="false" />
186-->[:flutter_local_notifications] AndroidManifest.xml:18:13-37
187        <receiver
187-->[:flutter_local_notifications] AndroidManifest.xml:19:9-21:40
188            android:name="com.dexterous.flutterlocalnotifications.ScheduledNotificationReceiver"
188-->[:flutter_local_notifications] AndroidManifest.xml:20:13-97
189            android:exported="false" />
189-->[:flutter_local_notifications] AndroidManifest.xml:21:13-37
190        <receiver
190-->[:flutter_local_notifications] AndroidManifest.xml:22:9-31:20
191            android:name="com.dexterous.flutterlocalnotifications.ScheduledNotificationBootReceiver"
191-->[:flutter_local_notifications] AndroidManifest.xml:23:13-101
192            android:exported="false" >
192-->[:flutter_local_notifications] AndroidManifest.xml:24:13-37
193            <intent-filter>
193-->[:flutter_local_notifications] AndroidManifest.xml:25:13-30:29
194                <action android:name="android.intent.action.BOOT_COMPLETED" />
194-->[:flutter_local_notifications] AndroidManifest.xml:26:17-79
194-->[:flutter_local_notifications] AndroidManifest.xml:26:25-76
195                <action android:name="android.intent.action.MY_PACKAGE_REPLACED" />
195-->[:flutter_local_notifications] AndroidManifest.xml:27:17-84
195-->[:flutter_local_notifications] AndroidManifest.xml:27:25-81
196                <action android:name="android.intent.action.QUICKBOOT_POWERON" />
196-->[:flutter_local_notifications] AndroidManifest.xml:28:17-82
196-->[:flutter_local_notifications] AndroidManifest.xml:28:25-79
197                <action android:name="com.htc.intent.action.QUICKBOOT_POWERON" />
197-->[:flutter_local_notifications] AndroidManifest.xml:29:17-82
197-->[:flutter_local_notifications] AndroidManifest.xml:29:25-79
198            </intent-filter>
199        </receiver>
200        <!--
201           Declares a provider which allows us to store files to share in
202           '.../caches/share_plus' and grant the receiving action access
203        -->
204        <provider
204-->[:share_plus] AndroidManifest.xml:15:9-23:20
205            android:name="dev.fluttercommunity.plus.share.ShareFileProvider"
205-->[:share_plus] AndroidManifest.xml:16:13-77
206            android:authorities="com.sixamtech.sixcash_user.flutter.share_provider"
206-->[:share_plus] AndroidManifest.xml:17:13-74
207            android:exported="false"
207-->[:share_plus] AndroidManifest.xml:18:13-37
208            android:grantUriPermissions="true" >
208-->[:share_plus] AndroidManifest.xml:19:13-47
209            <meta-data
209-->[:share_plus] AndroidManifest.xml:20:13-22:68
210                android:name="android.support.FILE_PROVIDER_PATHS"
210-->[:share_plus] AndroidManifest.xml:21:17-67
211                android:resource="@xml/flutter_share_file_paths" />
211-->[:share_plus] AndroidManifest.xml:22:17-65
212        </provider>
213        <!--
214           This manifest declared broadcast receiver allows us to use an explicit
215           Intent when creating a PendingItent to be informed of the user's choice
216        -->
217        <receiver
217-->[:share_plus] AndroidManifest.xml:28:9-34:20
218            android:name="dev.fluttercommunity.plus.share.SharePlusPendingIntent"
218-->[:share_plus] AndroidManifest.xml:29:13-82
219            android:exported="true" >
219-->[:share_plus] AndroidManifest.xml:30:13-36
220            <intent-filter>
220-->[:share_plus] AndroidManifest.xml:31:13-33:29
221                <action android:name="EXTRA_CHOSEN_COMPONENT" />
221-->[:share_plus] AndroidManifest.xml:32:17-65
221-->[:share_plus] AndroidManifest.xml:32:25-62
222            </intent-filter>
223        </receiver>
224
225        <provider
225-->[:image_picker_android] AndroidManifest.xml:10:9-18:20
226            android:name="io.flutter.plugins.imagepicker.ImagePickerFileProvider"
226-->[:image_picker_android] AndroidManifest.xml:11:13-82
227            android:authorities="com.sixamtech.sixcash_user.flutter.image_provider"
227-->[:image_picker_android] AndroidManifest.xml:12:13-74
228            android:exported="false"
228-->[:image_picker_android] AndroidManifest.xml:13:13-37
229            android:grantUriPermissions="true" >
229-->[:image_picker_android] AndroidManifest.xml:14:13-47
230            <meta-data
230-->[:share_plus] AndroidManifest.xml:20:13-22:68
231                android:name="android.support.FILE_PROVIDER_PATHS"
231-->[:share_plus] AndroidManifest.xml:21:17-67
232                android:resource="@xml/flutter_image_picker_file_paths" />
232-->[:share_plus] AndroidManifest.xml:22:17-65
233        </provider>
234
235        <activity
235-->[:url_launcher_android] AndroidManifest.xml:10:9-13:74
236            android:name="io.flutter.plugins.urllauncher.WebViewActivity"
236-->[:url_launcher_android] AndroidManifest.xml:11:13-74
237            android:exported="false"
237-->[:url_launcher_android] AndroidManifest.xml:12:13-37
238            android:theme="@android:style/Theme.NoTitleBar.Fullscreen" />
238-->[:url_launcher_android] AndroidManifest.xml:13:13-71
239
240        <service
240-->[com.google.android.gms:play-services-mlkit-face-detection:17.0.1] AndroidManifest.xml:9:9-15:19
241            android:name="com.google.mlkit.common.internal.MlKitComponentDiscoveryService"
241-->[com.google.android.gms:play-services-mlkit-face-detection:17.0.1] AndroidManifest.xml:10:13-91
242            android:directBootAware="true"
242-->[com.google.mlkit:common:18.1.0] AndroidManifest.xml:17:13-43
243            android:exported="false" >
243-->[com.google.android.gms:play-services-mlkit-face-detection:17.0.1] AndroidManifest.xml:11:13-37
244            <meta-data
244-->[com.google.android.gms:play-services-mlkit-face-detection:17.0.1] AndroidManifest.xml:12:13-14:85
245                android:name="com.google.firebase.components:com.google.mlkit.vision.face.internal.FaceRegistrar"
245-->[com.google.android.gms:play-services-mlkit-face-detection:17.0.1] AndroidManifest.xml:13:17-114
246                android:value="com.google.firebase.components.ComponentRegistrar" />
246-->[com.google.android.gms:play-services-mlkit-face-detection:17.0.1] AndroidManifest.xml:14:17-82
247            <meta-data
247-->[com.google.android.gms:play-services-mlkit-barcode-scanning:18.0.0] AndroidManifest.xml:12:13-14:85
248                android:name="com.google.firebase.components:com.google.mlkit.vision.barcode.internal.BarcodeRegistrar"
248-->[com.google.android.gms:play-services-mlkit-barcode-scanning:18.0.0] AndroidManifest.xml:13:17-120
249                android:value="com.google.firebase.components.ComponentRegistrar" />
249-->[com.google.android.gms:play-services-mlkit-barcode-scanning:18.0.0] AndroidManifest.xml:14:17-82
250            <meta-data
250-->[com.google.mlkit:vision-common:17.1.0] AndroidManifest.xml:12:13-14:85
251                android:name="com.google.firebase.components:com.google.mlkit.vision.common.internal.VisionCommonRegistrar"
251-->[com.google.mlkit:vision-common:17.1.0] AndroidManifest.xml:13:17-124
252                android:value="com.google.firebase.components.ComponentRegistrar" />
252-->[com.google.mlkit:vision-common:17.1.0] AndroidManifest.xml:14:17-82
253            <meta-data
253-->[com.google.mlkit:common:18.1.0] AndroidManifest.xml:20:13-22:85
254                android:name="com.google.firebase.components:com.google.mlkit.common.internal.CommonComponentRegistrar"
254-->[com.google.mlkit:common:18.1.0] AndroidManifest.xml:21:17-120
255                android:value="com.google.firebase.components.ComponentRegistrar" />
255-->[com.google.mlkit:common:18.1.0] AndroidManifest.xml:22:17-82
256        </service>
257
258        <provider
258-->[com.google.mlkit:common:18.1.0] AndroidManifest.xml:9:9-13:38
259            android:name="com.google.mlkit.common.internal.MlKitInitProvider"
259-->[com.google.mlkit:common:18.1.0] AndroidManifest.xml:10:13-78
260            android:authorities="com.sixamtech.sixcash_user.mlkitinitprovider"
260-->[com.google.mlkit:common:18.1.0] AndroidManifest.xml:11:13-69
261            android:exported="false"
261-->[com.google.mlkit:common:18.1.0] AndroidManifest.xml:12:13-37
262            android:initOrder="99" />
262-->[com.google.mlkit:common:18.1.0] AndroidManifest.xml:13:13-35
263
264        <receiver
264-->[com.google.firebase:firebase-messaging:23.1.0] AndroidManifest.xml:31:9-38:20
265            android:name="com.google.firebase.iid.FirebaseInstanceIdReceiver"
265-->[com.google.firebase:firebase-messaging:23.1.0] AndroidManifest.xml:32:13-78
266            android:exported="true"
266-->[com.google.firebase:firebase-messaging:23.1.0] AndroidManifest.xml:33:13-36
267            android:permission="com.google.android.c2dm.permission.SEND" >
267-->[com.google.firebase:firebase-messaging:23.1.0] AndroidManifest.xml:34:13-73
268            <intent-filter>
268-->[:firebase_messaging] AndroidManifest.xml:32:13-34:29
269                <action android:name="com.google.android.c2dm.intent.RECEIVE" />
269-->[:firebase_messaging] AndroidManifest.xml:33:17-81
269-->[:firebase_messaging] AndroidManifest.xml:33:25-78
270            </intent-filter>
271        </receiver>
272        <!--
273             FirebaseMessagingService performs security checks at runtime,
274             but set to not exported to explicitly avoid allowing another app to call it.
275        -->
276        <service
276-->[com.google.firebase:firebase-messaging:23.1.0] AndroidManifest.xml:44:9-51:19
277            android:name="com.google.firebase.messaging.FirebaseMessagingService"
277-->[com.google.firebase:firebase-messaging:23.1.0] AndroidManifest.xml:45:13-82
278            android:directBootAware="true"
278-->[com.google.firebase:firebase-messaging:23.1.0] AndroidManifest.xml:46:13-43
279            android:exported="false" >
279-->[com.google.firebase:firebase-messaging:23.1.0] AndroidManifest.xml:47:13-37
280            <intent-filter android:priority="-500" >
280-->[:firebase_messaging] AndroidManifest.xml:23:13-25:29
281                <action android:name="com.google.firebase.MESSAGING_EVENT" />
281-->[:firebase_messaging] AndroidManifest.xml:24:17-78
281-->[:firebase_messaging] AndroidManifest.xml:24:25-75
282            </intent-filter>
283        </service>
284
285        <activity
285-->[com.google.android.gms:play-services-base:18.0.1] AndroidManifest.xml:20:9-22:45
286            android:name="com.google.android.gms.common.api.GoogleApiActivity"
286-->[com.google.android.gms:play-services-base:18.0.1] AndroidManifest.xml:20:19-85
287            android:exported="false"
287-->[com.google.android.gms:play-services-base:18.0.1] AndroidManifest.xml:22:19-43
288            android:theme="@android:style/Theme.Translucent.NoTitleBar" />
288-->[com.google.android.gms:play-services-base:18.0.1] AndroidManifest.xml:21:19-78
289
290        <provider
290-->[com.google.firebase:firebase-common:20.2.0] AndroidManifest.xml:25:9-30:39
291            android:name="com.google.firebase.provider.FirebaseInitProvider"
291-->[com.google.firebase:firebase-common:20.2.0] AndroidManifest.xml:26:13-77
292            android:authorities="com.sixamtech.sixcash_user.firebaseinitprovider"
292-->[com.google.firebase:firebase-common:20.2.0] AndroidManifest.xml:27:13-72
293            android:directBootAware="true"
293-->[com.google.firebase:firebase-common:20.2.0] AndroidManifest.xml:28:13-43
294            android:exported="false"
294-->[com.google.firebase:firebase-common:20.2.0] AndroidManifest.xml:29:13-37
295            android:initOrder="100" />
295-->[com.google.firebase:firebase-common:20.2.0] AndroidManifest.xml:30:13-36
296
297        <meta-data
297-->[com.google.android.gms:play-services-basement:18.1.0] AndroidManifest.xml:21:9-23:69
298            android:name="com.google.android.gms.version"
298-->[com.google.android.gms:play-services-basement:18.1.0] AndroidManifest.xml:22:13-58
299            android:value="@integer/google_play_services_version" />
299-->[com.google.android.gms:play-services-basement:18.1.0] AndroidManifest.xml:23:13-66
300
301        <uses-library
301-->[androidx.window:window:1.0.0-beta04] AndroidManifest.xml:25:9-27:40
302            android:name="androidx.window.extensions"